TN:
SF:/Users/bloodymary/Desktop/api/lib/assets/schemas/json-asset-loader.ts
FN:15,readJsonFile
FN:31,(anonymous_1)
FN:33,(anonymous_2)
FNF:3
FNH:0
FNDA:0,readJsonFile
FNDA:0,(anonymous_1)
FNDA:0,(anonymous_2)
DA:16,0
DA:17,0
DA:18,0
DA:20,0
DA:32,0
DA:33,0
DA:34,0
DA:35,0
DA:38,0
LF:9
LH:0
BRDA:17,0,0,0
BRDA:17,0,1,0
BRDA:32,1,0,0
BRDA:32,1,1,0
BRF:4
BRH:0
end_of_record
TN:
SF:/Users/bloodymary/Desktop/api/src/JSCommon/errors.ts
FN:26,RouteNotImplementedError
FN:39,MethodNotImplementedError
FNF:2
FNH:0
FNDA:0,RouteNotImplementedError
FNDA:0,MethodNotImplementedError
DA:1,21
DA:3,21
DA:9,21
DA:13,1
DA:16,0
DA:31,0
DA:36,0
DA:43,1
DA:45,0
LF:9
LH:5
BRDA:1,0,0,21
BRDA:1,0,1,0
BRDA:6,1,0,21
BRDA:6,1,1,0
BRDA:14,2,0,0
BRDA:14,2,1,0
BRDA:28,3,0,0
BRDA:28,3,1,0
BRDA:41,4,0,0
BRDA:41,4,1,0
BRF:10
BRH:2
end_of_record
TN:
SF:/Users/bloodymary/Desktop/api/src/JSCommon/util.ts
FN:6,(anonymous_1)
FN:10,(anonymous_2)
FN:25,(anonymous_3)
FN:29,(anonymous_4)
FN:34,(anonymous_5)
FN:38,(anonymous_6)
FN:46,(anonymous_7)
FN:63,(anonymous_8)
FN:68,(anonymous_9)
FNF:9
FNH:4
FNDA:25,(anonymous_1)
FNDA:11,(anonymous_2)
FNDA:0,(anonymous_3)
FNDA:5,(anonymous_4)
FNDA:0,(anonymous_5)
FNDA:0,(anonymous_6)
FNDA:0,(anonymous_7)
FNDA:0,(anonymous_8)
FNDA:1,(anonymous_9)
DA:1,1
DA:2,1
DA:3,1
DA:5,1
DA:7,25
DA:13,1
DA:15,0
DA:17,10
DA:19,0
DA:21,0
DA:26,0
DA:30,5
DA:31,5
DA:35,0
DA:38,0
DA:47,0
DA:50,0
DA:54,0
DA:56,0
DA:64,0
DA:68,1
DA:69,1
DA:70,1
DA:71,1
DA:72,1
LF:25
LH:14
BRDA:7,0,0,25
BRDA:7,0,1,14
BRDA:12,1,0,1
BRDA:12,1,1,1
BRDA:12,1,2,0
BRDA:12,1,3,0
BRDA:12,1,4,10
BRDA:12,1,5,10
BRDA:12,1,6,0
BRDA:12,1,7,0
BRDA:12,1,8,0
BRDA:30,2,0,5
BRDA:30,2,1,0
BRDA:30,3,0,5
BRDA:30,3,1,0
BRDA:68,4,0,1
BRDA:68,4,1,1
BRF:17
BRH:10
end_of_record
TN:
SF:/Users/bloodymary/Desktop/api/src/assets/constants/constants.ts
FN:20,castField
FNF:1
FNH:0
FNDA:0,castField
DA:1,1
DA:2,1
DA:3,1
DA:5,1
DA:6,1
DA:7,1
DA:24,0
DA:29,0
DA:34,0
DA:36,0
DA:41,1
DA:48,1
DA:52,1
DA:60,1
DA:66,1
DA:70,1
DA:71,1
DA:72,1
DA:73,1
LF:19
LH:15
BRDA:11,0,0,1
BRDA:11,0,1,0
BRDA:13,1,0,1
BRDA:13,1,1,0
BRDA:16,2,0,1
BRDA:16,2,1,1
BRDA:23,3,0,0
BRDA:23,3,1,0
BRDA:38,4,0,1
BRDA:38,4,1,0
BRF:10
BRH:5
end_of_record
TN:
SF:/Users/bloodymary/Desktop/api/src/assets/schemas/json-asset-loader.ts
FNF:0
FNH:0
DA:8,1
LF:1
LH:1
BRF:0
BRH:0
end_of_record
TN:
SF:/Users/bloodymary/Desktop/api/src/models/BaseObject.ts
FN:19,(anonymous_1)
FN:32,(anonymous_2)
FN:43,(anonymous_3)
FN:51,(anonymous_4)
FN:52,(anonymous_5)
FN:79,(anonymous_6)
FN:84,(anonymous_7)
FN:92,(anonymous_8)
FNF:8
FNH:7
FNDA:32,(anonymous_1)
FNDA:20,(anonymous_2)
FNDA:0,(anonymous_3)
FNDA:151,(anonymous_4)
FNDA:159,(anonymous_5)
FNDA:142,(anonymous_6)
FNDA:2,(anonymous_7)
FNDA:30,(anonymous_8)
DA:2,1
DA:3,1
DA:5,1
DA:10,1
DA:20,32
DA:33,20
DA:35,20
DA:36,20
DA:44,0
DA:52,159
DA:80,142
DA:81,142
DA:85,2
DA:94,30
DA:95,30
DA:96,30
DA:103,0
LF:17
LH:15
BRDA:98,0,0,23
BRDA:98,0,1,7
BRF:2
BRH:2
end_of_record
TN:
SF:/Users/bloodymary/Desktop/api/src/models/RSVP/RSVP-data-mapper-impl.ts
FN:32,(anonymous_11)
FN:63,(anonymous_12)
FN:73,(anonymous_13)
FN:77,(anonymous_14)
FN:94,(anonymous_15)
FN:115,(anonymous_18)
FN:124,(anonymous_19)
FN:136,(anonymous_22)
FN:153,(anonymous_25)
FN:161,(anonymous_26)
FN:165,(anonymous_27)
FN:181,(anonymous_28)
FN:196,(anonymous_31)
FNF:13
FNH:2
FNDA:8,(anonymous_11)
FNDA:0,(anonymous_12)
FNDA:0,(anonymous_13)
FNDA:0,(anonymous_14)
FNDA:0,(anonymous_15)
FNDA:0,(anonymous_18)
FNDA:0,(anonymous_19)
FNDA:0,(anonymous_22)
FNDA:0,(anonymous_25)
FNDA:0,(anonymous_26)
FNDA:0,(anonymous_27)
FNDA:0,(anonymous_28)
FNDA:1,(anonymous_31)
DA:1,1
DA:2,1
DA:3,1
DA:4,1
DA:6,1
DA:7,1
DA:10,1
DA:11,1
DA:13,1
DA:19,1
DA:22,8
DA:23,8
DA:24,8
DA:25,8
DA:26,8
DA:27,8
DA:28,8
DA:30,8
DA:34,8
DA:35,8
DA:36,8
DA:38,8
DA:39,8
DA:45,8
DA:51,8
DA:57,8
DA:64,0
DA:69,0
DA:70,0
DA:73,0
DA:78,0
DA:81,0
DA:83,0
DA:86,0
DA:87,0
DA:88,0
DA:94,0
DA:100,0
DA:103,0
DA:106,0
DA:109,0
DA:115,0
DA:119,0
DA:120,0
DA:121,0
DA:124,0
DA:130,0
DA:132,0
DA:133,0
DA:136,0
DA:141,0
DA:143,0
DA:144,0
DA:145,0
DA:147,0
DA:153,0
DA:157,0
DA:158,0
DA:161,0
DA:166,0
DA:168,0
DA:169,0
DA:170,0
DA:172,0
DA:177,0
DA:178,0
DA:181,0
DA:186,3
DA:190,2
DA:196,1
DA:200,3
LF:71
LH:30
BRDA:80,0,0,0
BRDA:80,0,1,0
BRDA:102,1,0,0
BRDA:102,1,1,0
BRDA:105,2,0,0
BRDA:105,2,1,0
BRDA:108,3,0,0
BRDA:108,3,1,0
BRDA:113,4,0,0
BRDA:113,4,1,0
BRDA:112,5,0,0
BRDA:112,5,1,0
BRDA:189,6,0,3
BRDA:189,6,1,2
BRDA:194,7,0,1
BRDA:194,7,1,1
BRF:16
BRH:4
end_of_record
TN:
SF:/Users/bloodymary/Desktop/api/src/models/RSVP/index.ts
FNF:0
FNH:0
LF:0
LH:0
BRF:0
BRH:0
end_of_record
TN:
SF:/Users/bloodymary/Desktop/api/src/models/admin/admin-data-mapper-impl.ts
FN:39,(anonymous_11)
FN:63,(anonymous_14)
FN:79,(anonymous_17)
FN:79,(anonymous_18)
FN:124,(anonymous_21)
FN:125,(anonymous_22)
FN:132,(anonymous_23)
FN:169,(anonymous_26)
FNF:8
FNH:8
FNDA:9,(anonymous_11)
FNDA:1,(anonymous_14)
FNDA:2,(anonymous_17)
FNDA:2,(anonymous_18)
FNDA:1,(anonymous_21)
FNDA:1,(anonymous_22)
FNDA:1,(anonymous_23)
FNDA:2,(anonymous_26)
DA:2,1
DA:3,1
DA:4,1
DA:5,1
DA:8,1
DA:10,1
DA:14,1
DA:15,1
DA:17,1
DA:21,1
DA:23,9
DA:24,9
DA:25,9
DA:26,9
DA:27,9
DA:40,9
DA:41,9
DA:42,9
DA:43,9
DA:45,9
DA:46,9
DA:52,9
DA:61,1
DA:63,1
DA:75,1
DA:76,1
DA:77,1
DA:79,2
DA:81,2
DA:86,2
DA:94,2
DA:104,0
DA:117,1
DA:121,1
DA:124,1
DA:125,1
DA:128,1
DA:129,1
DA:132,1
DA:151,4
DA:153,1
DA:162,1
DA:166,2
DA:169,2
LF:44
LH:43
BRDA:159,0,0,3
BRDA:159,0,1,2
BRF:2
BRH:2
end_of_record
TN:
SF:/Users/bloodymary/Desktop/api/src/models/admin/index.ts
FNF:0
FNH:0
DA:5,1
DA:37,1
LF:2
LH:2
BRF:0
BRH:0
end_of_record
TN:
SF:/Users/bloodymary/Desktop/api/src/models/admin/statistics/admin-statistics-data-mapper-impl.ts
FN:32,(anonymous_11)
FN:74,(anonymous_14)
FN:108,(anonymous_17)
FN:123,(anonymous_18)
FNF:4
FNH:4
FNDA:8,(anonymous_11)
FNDA:3,(anonymous_14)
FNDA:1,(anonymous_17)
FNDA:5,(anonymous_18)
DA:1,1
DA:2,1
DA:3,1
DA:4,1
DA:7,1
DA:10,1
DA:11,1
DA:20,1
DA:22,8
DA:33,8
DA:34,8
DA:35,8
DA:36,8
DA:37,8
DA:38,8
DA:39,8
DA:40,8
DA:42,8
DA:43,8
DA:52,3
DA:70,3
DA:71,3
DA:74,3
DA:79,5
DA:102,2
DA:108,1
DA:113,1
DA:116,2
DA:118,5
DA:119,5
DA:120,5
DA:123,5
LF:32
LH:32
BRDA:101,0,0,5
BRDA:101,0,1,4
BRDA:106,1,0,1
BRDA:106,1,1,1
BRDA:112,2,0,5
BRDA:112,2,1,4
BRDA:115,3,0,5
BRDA:115,3,1,4
BRF:8
BRH:8
end_of_record
TN:
SF:/Users/bloodymary/Desktop/api/src/models/admin/statistics/index.ts
FNF:0
FNH:0
LF:0
LH:0
BRF:0
BRH:0
end_of_record
TN:
SF:/Users/bloodymary/Desktop/api/src/models/admin/types/email-history.ts
FN:13,(anonymous_1)
FN:5,(anonymous_2)
FN:9,(anonymous_3)
FNF:3
FNH:1
FNDA:5,(anonymous_1)
FNDA:0,(anonymous_2)
FNDA:0,(anonymous_3)
DA:2,1
DA:4,1
DA:6,0
DA:10,0
DA:14,5
DA:15,5
DA:16,5
DA:17,5
DA:18,5
DA:19,5
DA:20,5
DA:21,5
DA:23,5
DA:24,5
LF:14
LH:12
BRF:0
BRH:0
end_of_record
TN:
SF:/Users/bloodymary/Desktop/api/src/models/attendance/attendance-data-mapper-impl.ts
FN:91,(anonymous_12)
FN:34,(anonymous_13)
FN:38,(anonymous_14)
FN:69,(anonymous_15)
FN:135,(anonymous_18)
FN:168,(anonymous_22)
FN:177,(anonymous_23)
FN:207,(anonymous_26)
FN:214,(anonymous_27)
FN:228,(anonymous_28)
FN:231,(anonymous_29)
FN:246,(anonymous_30)
FN:276,(anonymous_33)
FN:283,(anonymous_34)
FN:296,(anonymous_35)
FN:299,(anonymous_36)
FN:314,(anonymous_37)
FN:318,(anonymous_38)
FN:321,(anonymous_39)
FN:324,(anonymous_40)
FN:327,(anonymous_41)
FNF:21
FNH:3
FNDA:8,(anonymous_12)
FNDA:8,(anonymous_13)
FNDA:0,(anonymous_14)
FNDA:0,(anonymous_15)
FNDA:0,(anonymous_18)
FNDA:0,(anonymous_22)
FNDA:2,(anonymous_23)
FNDA:0,(anonymous_26)
FNDA:0,(anonymous_27)
FNDA:0,(anonymous_28)
FNDA:0,(anonymous_29)
FNDA:0,(anonymous_30)
FNDA:0,(anonymous_33)
FNDA:0,(anonymous_34)
FNDA:0,(anonymous_35)
FNDA:0,(anonymous_36)
FNDA:0,(anonymous_37)
FNDA:0,(anonymous_38)
FNDA:0,(anonymous_39)
FNDA:0,(anonymous_40)
FNDA:0,(anonymous_41)
DA:1,1
DA:2,1
DA:3,1
DA:4,1
DA:5,1
DA:7,1
DA:8,1
DA:11,1
DA:12,1
DA:14,1
DA:19,1
DA:31,1
DA:35,8
DA:39,0
DA:70,0
DA:83,8
DA:84,8
DA:85,8
DA:86,8
DA:87,8
DA:88,8
DA:89,8
DA:93,8
DA:94,8
DA:95,8
DA:96,8
DA:98,8
DA:99,8
DA:115,6
DA:121,1
DA:124,1
DA:127,1
DA:130,1
DA:135,0
DA:139,6
DA:140,6
DA:141,6
DA:155,2
DA:163,1
DA:168,0
DA:172,2
DA:173,2
DA:174,2
DA:177,2
DA:182,0
DA:194,0
DA:197,0
DA:200,0
DA:203,0
DA:207,0
DA:210,0
DA:214,0
DA:219,0
DA:221,0
DA:224,0
DA:225,0
DA:230,0
DA:233,0
DA:236,0
DA:241,0
DA:246,0
DA:251,0
DA:263,0
DA:266,0
DA:269,0
DA:272,0
DA:276,0
DA:279,0
DA:283,0
DA:288,0
DA:290,0
DA:292,0
DA:293,0
DA:298,0
DA:301,0
DA:304,0
DA:309,0
DA:314,0
DA:319,0
DA:322,0
DA:325,0
DA:328,0
LF:82
LH:40
BRDA:120,0,0,6
BRDA:120,0,1,5
BRDA:123,1,0,6
BRDA:123,1,1,5
BRDA:126,2,0,6
BRDA:126,2,1,5
BRDA:129,3,0,6
BRDA:129,3,1,5
BRDA:134,4,0,1
BRDA:134,4,1,0
BRDA:162,5,0,2
BRDA:162,5,1,1
BRDA:167,6,0,1
BRDA:167,6,1,0
BRDA:193,7,0,0
BRDA:193,7,1,0
BRDA:196,8,0,0
BRDA:196,8,1,0
BRDA:199,9,0,0
BRDA:199,9,1,0
BRDA:202,10,0,0
BRDA:202,10,1,0
BRDA:206,11,0,0
BRDA:206,11,1,0
BRDA:213,12,0,0
BRDA:213,12,1,0
BRDA:218,13,0,0
BRDA:218,13,1,0
BRDA:262,14,0,0
BRDA:262,14,1,0
BRDA:265,15,0,0
BRDA:265,15,1,0
BRDA:268,16,0,0
BRDA:268,16,1,0
BRDA:271,17,0,0
BRDA:271,17,1,0
BRDA:275,18,0,0
BRDA:275,18,1,0
BRDA:282,19,0,0
BRDA:282,19,1,0
BRDA:287,20,0,0
BRDA:287,20,1,0
BRF:42
BRH:12
end_of_record
TN:
SF:/Users/bloodymary/Desktop/api/src/models/attendance/index.ts
FNF:0
FNH:0
LF:0
LH:0
BRF:0
BRH:0
end_of_record
TN:
SF:/Users/bloodymary/Desktop/api/src/models/category/category-data-mapper-impl.ts
FN:30,(anonymous_11)
FN:43,(anonymous_12)
FN:52,(anonymous_13)
FN:56,(anonymous_14)
FN:73,(anonymous_15)
FN:102,(anonymous_18)
FN:122,(anonymous_21)
FN:126,(anonymous_22)
FN:141,(anonymous_23)
FN:145,(anonymous_24)
FN:161,(anonymous_25)
FNF:11
FNH:11
FNDA:9,(anonymous_11)
FNDA:1,(anonymous_12)
FNDA:1,(anonymous_13)
FNDA:1,(anonymous_14)
FNDA:1,(anonymous_15)
FNDA:4,(anonymous_18)
FNDA:1,(anonymous_21)
FNDA:1,(anonymous_22)
FNDA:1,(anonymous_23)
FNDA:1,(anonymous_24)
FNDA:1,(anonymous_25)
DA:1,1
DA:2,1
DA:3,1
DA:4,1
DA:6,1
DA:7,1
DA:10,1
DA:11,1
DA:13,1
DA:17,1
DA:19,9
DA:20,9
DA:21,9
DA:22,9
DA:23,9
DA:24,9
DA:26,9
DA:28,9
DA:32,9
DA:33,9
DA:35,9
DA:36,9
DA:44,1
DA:48,1
DA:49,1
DA:52,1
DA:57,1
DA:63,0
DA:65,1
DA:67,1
DA:69,1
DA:71,1
DA:73,1
DA:84,4
DA:90,1
DA:93,1
DA:96,1
DA:98,4
DA:99,4
DA:100,4
DA:102,4
DA:111,1
DA:118,1
DA:119,1
DA:122,1
DA:127,1
DA:129,0
DA:130,0
DA:131,0
DA:133,1
DA:137,1
DA:138,1
DA:141,1
DA:146,1
DA:148,0
DA:149,0
DA:150,0
DA:152,1
DA:157,1
DA:158,1
DA:161,1
LF:61
LH:54
BRDA:62,0,0,1
BRDA:62,0,1,0
BRDA:89,1,0,4
BRDA:89,1,1,3
BRDA:92,2,0,4
BRDA:92,2,1,3
BRDA:95,3,0,4
BRDA:95,3,1,3
BRF:8
BRH:7
end_of_record
TN:
SF:/Users/bloodymary/Desktop/api/src/models/category/category.ts
FN:24,(anonymous_1)
FN:27,(anonymous_2)
FN:30,(anonymous_3)
FNF:3
FNH:3
FNDA:4,(anonymous_1)
FNDA:2,(anonymous_2)
FNDA:2,(anonymous_3)
DA:2,1
DA:3,1
DA:5,1
DA:7,1
DA:18,1
DA:25,4
DA:28,2
DA:31,2
DA:32,2
DA:33,2
DA:34,2
LF:11
LH:11
BRF:0
BRH:0
end_of_record
TN:
SF:/Users/bloodymary/Desktop/api/src/models/checkout-items/checkout-items-data-mapper-impl.ts
FN:32,(anonymous_11)
FN:47,(anonymous_12)
FN:56,(anonymous_13)
FN:60,(anonymous_14)
FN:79,(anonymous_15)
FN:109,(anonymous_18)
FN:114,(anonymous_19)
FN:194,(anonymous_26)
FN:198,(anonymous_27)
FN:213,(anonymous_28)
FN:217,(anonymous_29)
FN:233,(anonymous_30)
FNF:12
FNH:12
FNDA:11,(anonymous_11)
FNDA:1,(anonymous_12)
FNDA:1,(anonymous_13)
FNDA:1,(anonymous_14)
FNDA:1,(anonymous_15)
FNDA:4,(anonymous_18)
FNDA:1,(anonymous_19)
FNDA:1,(anonymous_26)
FNDA:1,(anonymous_27)
FNDA:1,(anonymous_28)
FNDA:1,(anonymous_29)
FNDA:1,(anonymous_30)
DA:1,1
DA:2,1
DA:3,1
DA:4,1
DA:6,1
DA:7,1
DA:10,1
DA:11,1
DA:13,1
DA:20,1
DA:22,11
DA:23,11
DA:24,11
DA:25,11
DA:26,11
DA:27,11
DA:29,11
DA:30,11
DA:34,11
DA:35,11
DA:36,11
DA:37,11
DA:39,11
DA:40,11
DA:48,1
DA:52,1
DA:53,1
DA:56,1
DA:61,1
DA:67,0
DA:69,1
DA:71,0
DA:73,1
DA:75,1
DA:76,1
DA:77,1
DA:79,1
DA:85,4
DA:91,1
DA:94,1
DA:97,1
DA:99,4
DA:101,0
DA:103,4
DA:106,4
DA:107,4
DA:109,4
DA:115,1
DA:117,0
DA:119,1
DA:129,1
DA:130,1
DA:142,1
DA:144,0
DA:146,1
DA:154,1
DA:164,1
DA:165,1
DA:166,1
DA:182,1
DA:190,1
DA:191,1
DA:194,1
DA:199,1
DA:201,0
DA:202,0
DA:203,0
DA:205,1
DA:209,1
DA:210,1
DA:213,1
DA:218,1
DA:220,0
DA:221,0
DA:222,0
DA:224,1
DA:229,1
DA:230,1
DA:233,1
LF:79
LH:68
BRDA:66,0,0,1
BRDA:66,0,1,0
BRDA:70,1,0,1
BRDA:70,1,1,0
BRDA:90,2,0,4
BRDA:90,2,1,3
BRDA:93,3,0,4
BRDA:93,3,1,3
BRDA:96,4,0,4
BRDA:96,4,1,3
BRDA:100,5,0,4
BRDA:100,5,1,3
BRDA:116,6,0,1
BRDA:116,6,1,0
BRDA:143,7,0,1
BRDA:143,7,1,0
BRF:16
BRH:12
end_of_record
TN:
SF:/Users/bloodymary/Desktop/api/src/models/checkout-items/checkout-items.ts
FN:19,(anonymous_1)
FN:22,(anonymous_2)
FN:33,(anonymous_3)
FNF:3
FNH:3
FNDA:4,(anonymous_1)
FNDA:1,(anonymous_2)
FNDA:2,(anonymous_3)
DA:2,1
DA:3,1
DA:5,1
DA:7,1
DA:17,1
DA:20,4
DA:23,1
DA:34,2
DA:35,2
DA:36,2
LF:10
LH:10
BRF:0
BRH:0
end_of_record
TN:
SF:/Users/bloodymary/Desktop/api/src/models/checkout-items/index.ts
FNF:0
FNH:0
LF:0
LH:0
BRF:0
BRH:0
end_of_record
TN:
SF:/Users/bloodymary/Desktop/api/src/models/checkout-object/checkout-object-data-mapper-impl.ts
FN:32,(anonymous_11)
FN:47,(anonymous_12)
FN:57,(anonymous_13)
FN:61,(anonymous_14)
FN:77,(anonymous_15)
FN:103,(anonymous_18)
FN:110,(anonymous_19)
FN:119,(anonymous_20)
FN:132,(anonymous_21)
FN:136,(anonymous_22)
FN:151,(anonymous_23)
FN:155,(anonymous_24)
FN:168,(anonymous_25)
FN:172,(anonymous_26)
FN:188,(anonymous_27)
FNF:15
FNH:14
FNDA:23,(anonymous_11)
FNDA:1,(anonymous_12)
FNDA:1,(anonymous_13)
FNDA:1,(anonymous_14)
FNDA:1,(anonymous_15)
FNDA:0,(anonymous_18)
FNDA:6,(anonymous_19)
FNDA:1,(anonymous_20)
FNDA:1,(anonymous_21)
FNDA:1,(anonymous_22)
FNDA:1,(anonymous_23)
FNDA:1,(anonymous_24)
FNDA:1,(anonymous_25)
FNDA:1,(anonymous_26)
FNDA:1,(anonymous_27)
DA:1,1
DA:2,1
DA:3,1
DA:4,1
DA:6,1
DA:7,1
DA:10,1
DA:11,1
DA:13,1
DA:19,1
DA:21,23
DA:22,23
DA:23,23
DA:24,23
DA:25,23
DA:26,23
DA:28,23
DA:30,23
DA:34,23
DA:35,23
DA:36,23
DA:38,23
DA:39,23
DA:48,1
DA:53,1
DA:54,1
DA:57,1
DA:62,1
DA:68,0
DA:70,1
DA:73,1
DA:74,1
DA:75,1
DA:77,1
DA:83,6
DA:89,1
DA:92,1
DA:95,1
DA:98,1
DA:103,0
DA:106,6
DA:107,6
DA:108,6
DA:110,6
DA:120,1
DA:128,1
DA:129,1
DA:132,1
DA:137,1
DA:139,0
DA:140,0
DA:141,0
DA:143,1
DA:147,1
DA:148,1
DA:151,1
DA:156,1
DA:164,1
DA:165,1
DA:168,1
DA:173,1
DA:175,0
DA:176,0
DA:177,0
DA:179,1
DA:184,1
DA:185,1
DA:188,1
LF:68
LH:60
BRDA:67,0,0,1
BRDA:67,0,1,0
BRDA:88,1,0,6
BRDA:88,1,1,5
BRDA:91,2,0,6
BRDA:91,2,1,5
BRDA:94,3,0,6
BRDA:94,3,1,5
BRDA:97,4,0,6
BRDA:97,4,1,5
BRDA:102,5,0,1
BRDA:102,5,1,0
BRF:12
BRH:10
end_of_record
TN:
SF:/Users/bloodymary/Desktop/api/src/models/checkout-object/checkout-object.ts
FN:27,(anonymous_1)
FN:30,(anonymous_2)
FN:40,(anonymous_3)
FNF:3
FNH:3
FNDA:4,(anonymous_1)
FNDA:1,(anonymous_2)
FNDA:2,(anonymous_3)
DA:2,1
DA:4,1
DA:6,1
DA:8,1
DA:25,1
DA:28,4
DA:31,1
DA:41,2
DA:42,2
DA:43,2
DA:44,2
DA:45,2
DA:46,2
LF:13
LH:13
BRF:0
BRH:0
end_of_record
TN:
SF:/Users/bloodymary/Desktop/api/src/models/checkout-object/index.ts
FNF:0
FNH:0
LF:0
LH:0
BRF:0
BRH:0
end_of_record
TN:
SF:/Users/bloodymary/Desktop/api/src/models/event/event-data-mapper-impl.ts
FN:31,(anonymous_11)
FN:52,(anonymous_12)
FN:62,(anonymous_13)
FN:66,(anonymous_14)
FN:83,(anonymous_15)
FN:120,(anonymous_18)
FN:129,(anonymous_19)
FN:129,(anonymous_20)
FN:134,(anonymous_21)
FN:139,(anonymous_22)
FN:148,(anonymous_23)
FN:165,(anonymous_26)
FN:174,(anonymous_27)
FN:178,(anonymous_28)
FN:194,(anonymous_29)
FNF:15
FNH:11
FNDA:5,(anonymous_11)
FNDA:1,(anonymous_12)
FNDA:1,(anonymous_13)
FNDA:1,(anonymous_14)
FNDA:1,(anonymous_15)
FNDA:0,(anonymous_18)
FNDA:0,(anonymous_19)
FNDA:0,(anonymous_20)
FNDA:0,(anonymous_21)
FNDA:1,(anonymous_22)
FNDA:1,(anonymous_23)
FNDA:1,(anonymous_26)
FNDA:1,(anonymous_27)
FNDA:1,(anonymous_28)
FNDA:1,(anonymous_29)
DA:1,1
DA:2,1
DA:3,1
DA:4,1
DA:6,1
DA:7,1
DA:10,1
DA:11,1
DA:13,1
DA:18,1
DA:21,5
DA:22,5
DA:23,5
DA:24,5
DA:25,5
DA:26,5
DA:27,5
DA:29,5
DA:33,5
DA:34,5
DA:35,5
DA:37,5
DA:38,5
DA:44,5
DA:53,1
DA:58,1
DA:59,1
DA:62,1
DA:67,1
DA:70,0
DA:72,1
DA:74,0
DA:76,1
DA:79,1
DA:80,1
DA:81,1
DA:83,1
DA:89,0
DA:96,0
DA:99,0
DA:102,0
DA:104,0
DA:106,0
DA:109,0
DA:120,0
DA:124,0
DA:126,0
DA:127,0
DA:129,0
DA:130,0
DA:131,0
DA:132,0
DA:134,0
DA:140,1
DA:144,1
DA:145,1
DA:148,1
DA:153,1
DA:155,0
DA:156,0
DA:157,0
DA:159,1
DA:163,1
DA:165,1
DA:169,1
DA:170,1
DA:171,1
DA:174,1
DA:179,1
DA:181,0
DA:182,0
DA:183,0
DA:185,1
DA:190,1
DA:191,1
DA:194,1
LF:76
LH:52
BRDA:69,0,0,1
BRDA:69,0,1,0
BRDA:73,1,0,1
BRDA:73,1,1,0
BRDA:95,2,0,0
BRDA:95,2,1,0
BRDA:98,3,0,0
BRDA:98,3,1,0
BRDA:101,4,0,0
BRDA:101,4,1,0
BRDA:105,5,0,0
BRDA:105,5,1,0
BRDA:108,6,0,0
BRDA:108,6,1,0
BRDA:118,7,0,0
BRDA:118,7,1,0
BRF:16
BRH:2
end_of_record
TN:
SF:/Users/bloodymary/Desktop/api/src/models/event/event.ts
FN:8,(anonymous_2)
FN:26,(anonymous_3)
FN:30,(anonymous_4)
FN:43,(anonymous_5)
FNF:4
FNH:4
FNDA:1,(anonymous_2)
FNDA:4,(anonymous_3)
FNDA:1,(anonymous_4)
FNDA:2,(anonymous_5)
DA:1,1
DA:2,1
DA:4,1
DA:6,1
DA:8,1
DA:9,1
DA:10,1
DA:11,1
DA:24,1
DA:27,4
DA:31,1
DA:44,2
DA:45,2
DA:46,2
DA:47,2
DA:48,2
DA:49,2
DA:50,2
DA:51,2
LF:19
LH:19
BRDA:8,0,0,1
BRDA:8,0,1,1
BRDA:45,1,0,2
BRDA:45,1,1,1
BRDA:50,2,0,2
BRDA:50,2,1,2
BRF:6
BRH:6
end_of_record
TN:
SF:/Users/bloodymary/Desktop/api/src/models/extra-credit/extra-credit-assignment.ts
FN:10,(anonymous_1)
FN:14,(anonymous_2)
FN:22,(anonymous_3)
FNF:3
FNH:1
FNDA:0,(anonymous_1)
FNDA:0,(anonymous_2)
FNDA:1,(anonymous_3)
DA:2,1
DA:9,1
DA:11,0
DA:15,0
DA:23,1
DA:24,1
DA:25,1
LF:7
LH:5
BRF:0
BRH:0
end_of_record
TN:
SF:/Users/bloodymary/Desktop/api/src/models/extra-credit/extra-credit-data-mapper-impl.ts
FN:34,(anonymous_11)
FN:59,(anonymous_12)
FN:63,(anonymous_13)
FN:70,(anonymous_14)
FN:85,(anonymous_15)
FN:90,(anonymous_16)
FN:109,(anonymous_19)
FN:120,(anonymous_22)
FN:128,(anonymous_23)
FN:132,(anonymous_24)
FNF:10
FNH:5
FNDA:4,(anonymous_11)
FNDA:0,(anonymous_12)
FNDA:0,(anonymous_13)
FNDA:3,(anonymous_14)
FNDA:3,(anonymous_15)
FNDA:0,(anonymous_16)
FNDA:0,(anonymous_19)
FNDA:1,(anonymous_22)
FNDA:1,(anonymous_23)
FNDA:0,(anonymous_24)
DA:1,1
DA:2,1
DA:3,1
DA:4,1
DA:6,1
DA:7,1
DA:10,1
DA:11,1
DA:13,1
DA:20,1
DA:22,4
DA:23,4
DA:26,4
DA:28,4
DA:29,4
DA:31,4
DA:32,4
DA:36,4
DA:37,4
DA:38,4
DA:40,4
DA:41,4
DA:47,4
DA:53,4
DA:60,0
DA:67,0
DA:71,3
DA:74,1
DA:77,1
DA:79,3
DA:82,3
DA:83,3
DA:85,3
DA:91,0
DA:95,0
DA:98,0
DA:101,0
DA:103,0
DA:106,0
DA:107,0
DA:109,0
DA:115,1
DA:120,1
DA:124,1
DA:125,1
DA:128,1
DA:133,0
LF:47
LH:36
BRDA:73,0,0,3
BRDA:73,0,1,2
BRDA:76,1,0,3
BRDA:76,1,1,2
BRDA:97,2,0,0
BRDA:97,2,1,0
BRDA:100,3,0,0
BRDA:100,3,1,0
BRF:8
BRH:4
end_of_record
TN:
SF:/Users/bloodymary/Desktop/api/src/models/extra-credit/index.ts
FNF:0
FNH:0
LF:0
LH:0
BRF:0
BRH:0
end_of_record
TN:
SF:/Users/bloodymary/Desktop/api/src/models/hackathon/hackathon-data-mapper-impl.ts
FN:29,(anonymous_11)
FN:55,(anonymous_12)
FN:59,(anonymous_13)
FN:71,(anonymous_14)
FN:76,(anonymous_15)
FN:84,(anonymous_16)
FN:89,(anonymous_17)
FN:98,(anonymous_18)
FN:102,(anonymous_19)
FN:125,(anonymous_20)
FN:147,(anonymous_23)
FNF:11
FNH:10
FNDA:11,(anonymous_11)
FNDA:0,(anonymous_12)
FNDA:4,(anonymous_13)
FNDA:4,(anonymous_14)
FNDA:1,(anonymous_15)
FNDA:1,(anonymous_16)
FNDA:1,(anonymous_17)
FNDA:1,(anonymous_18)
FNDA:2,(anonymous_19)
FNDA:1,(anonymous_20)
FNDA:2,(anonymous_23)
DA:1,1
DA:2,1
DA:3,1
DA:4,1
DA:6,1
DA:7,1
DA:10,1
DA:11,1
DA:13,1
DA:16,1
DA:19,11
DA:20,11
DA:21,11
DA:22,11
DA:23,11
DA:24,11
DA:25,11
DA:27,11
DA:31,11
DA:32,11
DA:34,11
DA:35,11
DA:41,11
DA:47,11
DA:56,0
DA:60,4
DA:63,1
DA:65,4
DA:67,4
DA:68,4
DA:69,4
DA:71,4
DA:77,1
DA:80,1
DA:82,1
DA:84,1
DA:90,1
DA:94,1
DA:95,1
DA:98,1
DA:103,2
DA:105,1
DA:106,1
DA:107,1
DA:109,1
DA:113,1
DA:120,1
DA:121,1
DA:122,1
DA:125,1
DA:130,2
DA:131,2
DA:132,2
DA:134,0
DA:135,0
DA:136,0
DA:138,2
DA:143,2
DA:144,2
DA:147,2
LF:60
LH:56
BRDA:62,0,0,4
BRDA:62,0,1,1
BRDA:112,1,0,1
BRDA:112,1,1,1
BRF:4
BRH:4
end_of_record
TN:
SF:/Users/bloodymary/Desktop/api/src/models/hackathon/hackathon.ts
FN:10,(anonymous_2)
FN:14,(anonymous_3)
FN:25,(anonymous_4)
FN:35,(anonymous_5)
FNF:4
FNH:4
FNDA:4,(anonymous_2)
FNDA:8,(anonymous_3)
FNDA:107,(anonymous_4)
FNDA:2,(anonymous_5)
DA:1,1
DA:2,1
DA:4,1
DA:7,1
DA:9,1
DA:11,4
DA:15,8
DA:26,107
DA:27,107
DA:28,107
DA:29,107
DA:30,107
DA:31,107
DA:32,107
DA:36,2
DA:37,2
DA:38,2
DA:41,2
DA:42,2
DA:43,2
DA:44,2
LF:21
LH:21
BRDA:27,0,0,107
BRDA:27,0,1,5
BRDA:29,1,0,107
BRDA:29,1,1,106
BRDA:36,2,0,2
BRDA:36,2,1,0
BRDA:37,3,0,2
BRDA:37,3,1,1
BRDA:39,4,0,2
BRDA:39,4,1,0
BRDA:41,5,0,2
BRDA:41,5,1,2
BRDA:42,6,0,2
BRDA:42,6,1,2
BRDA:43,7,0,2
BRDA:43,7,1,2
BRF:16
BRH:14
end_of_record
TN:
SF:/Users/bloodymary/Desktop/api/src/models/hackathon/active-hackathon/active-hackathon-data-mapper-impl.ts
FN:45,(anonymous_5)
FN:19,(anonymous_6)
FN:27,(anonymous_7)
FN:28,(anonymous_8)
FN:71,(anonymous_9)
FN:106,(anonymous_10)
FN:110,(anonymous_11)
FN:115,(anonymous_12)
FNF:8
FNH:8
FNDA:1,(anonymous_5)
FNDA:1,(anonymous_6)
FNDA:1,(anonymous_7)
FNDA:1,(anonymous_8)
FNDA:1,(anonymous_9)
FNDA:1,(anonymous_10)
FNDA:1,(anonymous_11)
FNDA:1,(anonymous_12)
DA:1,1
DA:2,1
DA:3,1
DA:4,1
DA:6,1
DA:9,1
DA:10,1
DA:11,1
DA:16,1
DA:20,1
DA:22,1
DA:27,1
DA:29,1
DA:30,1
DA:35,1
DA:38,1
DA:39,1
DA:40,1
DA:41,1
DA:42,1
DA:47,1
DA:48,1
DA:50,1
DA:51,1
DA:57,1
DA:63,1
DA:73,1
DA:83,1
DA:101,1
DA:107,1
DA:108,1
DA:110,1
DA:116,1
LF:33
LH:33
BRF:0
BRH:0
end_of_record
TN:
SF:/Users/bloodymary/Desktop/api/src/models/hackathon/active-hackathon/index.ts
FNF:0
FNH:0
DA:6,1
DA:15,1
LF:2
LH:2
BRF:0
BRH:0
end_of_record
TN:
SF:/Users/bloodymary/Desktop/api/src/models/location/location-data-mapper-impl.ts
FN:30,(anonymous_5)
FN:45,(anonymous_6)
FN:55,(anonymous_7)
FN:59,(anonymous_8)
FN:79,(anonymous_9)
FN:84,(anonymous_10)
FN:112,(anonymous_12)
FN:123,(anonymous_13)
FN:127,(anonymous_14)
FN:149,(anonymous_15)
FN:153,(anonymous_16)
FN:172,(anonymous_17)
FNF:12
FNH:12
FNDA:9,(anonymous_5)
FNDA:1,(anonymous_6)
FNDA:1,(anonymous_7)
FNDA:1,(anonymous_8)
FNDA:1,(anonymous_9)
FNDA:4,(anonymous_10)
FNDA:1,(anonymous_12)
FNDA:1,(anonymous_13)
FNDA:1,(anonymous_14)
FNDA:1,(anonymous_15)
FNDA:1,(anonymous_16)
FNDA:1,(anonymous_17)
DA:1,1
DA:2,1
DA:3,1
DA:4,1
DA:6,1
DA:7,1
DA:10,1
DA:11,1
DA:13,1
DA:17,1
DA:20,9
DA:21,9
DA:22,9
DA:23,9
DA:24,9
DA:25,9
DA:26,9
DA:28,9
DA:32,9
DA:33,9
DA:35,9
DA:36,9
DA:42,9
DA:46,1
DA:51,1
DA:52,1
DA:55,1
DA:60,1
DA:64,0
DA:66,1
DA:68,0
DA:70,1
DA:71,1
DA:72,1
DA:73,1
DA:79,1
DA:85,4
DA:90,1
DA:93,1
DA:96,1
DA:98,4
DA:99,4
DA:100,4
DA:113,1
DA:118,1
DA:120,1
DA:123,1
DA:128,1
DA:130,0
DA:131,0
DA:132,0
DA:137,1
DA:142,1
DA:143,1
DA:149,1
DA:154,1
DA:156,0
DA:157,0
DA:158,0
DA:163,1
DA:169,1
DA:170,1
DA:172,1
LF:63
LH:55
BRDA:63,0,0,1
BRDA:63,0,1,0
BRDA:67,1,0,1
BRDA:67,1,1,0
BRDA:89,2,0,4
BRDA:89,2,1,3
BRDA:92,3,0,4
BRDA:92,3,1,3
BRDA:95,4,0,4
BRDA:95,4,1,3
BRF:10
BRH:8
end_of_record
TN:
SF:/Users/bloodymary/Desktop/api/src/models/location/location.ts
FN:12,(anonymous_1)
FN:16,(anonymous_2)
FN:23,(anonymous_3)
FNF:3
FNH:3
FNDA:4,(anonymous_1)
FNDA:2,(anonymous_2)
FNDA:3,(anonymous_3)
DA:1,1
DA:2,1
DA:4,1
DA:11,1
DA:13,4
DA:17,2
DA:24,3
DA:25,3
DA:26,3
LF:9
LH:9
BRF:0
BRH:0
end_of_record
TN:
SF:/Users/bloodymary/Desktop/api/src/models/project/index.ts
FNF:0
FNH:0
LF:0
LH:0
BRF:0
BRH:0
end_of_record
TN:
SF:/Users/bloodymary/Desktop/api/src/models/project/project-data-mapper-impl.ts
FN:33,(anonymous_11)
FN:65,(anonymous_12)
FN:74,(anonymous_13)
FN:78,(anonymous_14)
FN:94,(anonymous_15)
FN:115,(anonymous_18)
FN:123,(anonymous_19)
FN:147,(anonymous_22)
FN:155,(anonymous_23)
FN:171,(anonymous_26)
FN:181,(anonymous_27)
FN:197,(anonymous_30)
FN:204,(anonymous_31)
FN:228,(anonymous_32)
FN:232,(anonymous_33)
FN:236,(anonymous_34)
FN:240,(anonymous_35)
FNF:17
FNH:13
FNDA:8,(anonymous_11)
FNDA:1,(anonymous_12)
FNDA:1,(anonymous_13)
FNDA:1,(anonymous_14)
FNDA:1,(anonymous_15)
FNDA:0,(anonymous_18)
FNDA:0,(anonymous_19)
FNDA:0,(anonymous_22)
FNDA:1,(anonymous_23)
FNDA:0,(anonymous_26)
FNDA:1,(anonymous_27)
FNDA:1,(anonymous_30)
FNDA:1,(anonymous_31)
FNDA:1,(anonymous_32)
FNDA:2,(anonymous_33)
FNDA:4,(anonymous_34)
FNDA:2,(anonymous_35)
DA:1,1
DA:2,1
DA:3,1
DA:4,1
DA:6,1
DA:7,1
DA:10,1
DA:11,1
DA:13,1
DA:19,1
DA:22,8
DA:23,8
DA:24,8
DA:25,8
DA:26,8
DA:27,8
DA:29,8
DA:30,8
DA:31,8
DA:35,8
DA:36,8
DA:37,8
DA:39,8
DA:40,8
DA:46,8
DA:52,8
DA:58,8
DA:66,1
DA:70,1
DA:71,1
DA:74,1
DA:79,1
DA:82,0
DA:84,1
DA:86,1
DA:87,1
DA:88,1
DA:94,1
DA:100,0
DA:103,0
DA:106,0
DA:109,0
DA:115,0
DA:119,0
DA:120,0
DA:121,0
DA:123,0
DA:129,1
DA:141,0
DA:147,0
DA:151,1
DA:152,1
DA:153,1
DA:155,1
DA:161,1
DA:165,0
DA:171,0
DA:175,1
DA:177,1
DA:178,1
DA:181,1
DA:186,1
DA:188,0
DA:189,0
DA:190,0
DA:192,1
DA:193,1
DA:194,1
DA:198,1
DA:199,1
DA:205,1
DA:207,0
DA:208,0
DA:209,0
DA:211,1
DA:215,1
DA:218,1
DA:221,1
DA:223,1
DA:224,1
DA:225,1
DA:228,1
DA:233,2
DA:234,2
DA:236,4
DA:237,2
DA:240,2
LF:87
LH:67
BRDA:81,0,0,1
BRDA:81,0,1,0
BRDA:102,1,0,0
BRDA:102,1,1,0
BRDA:105,2,0,0
BRDA:105,2,1,0
BRDA:108,3,0,0
BRDA:108,3,1,0
BRDA:113,4,0,0
BRDA:113,4,1,0
BRDA:112,5,0,0
BRDA:112,5,1,0
BRDA:140,6,0,1
BRDA:140,6,1,0
BRDA:145,7,0,0
BRDA:145,7,1,0
BRDA:144,8,0,0
BRDA:144,8,1,0
BRDA:164,9,0,1
BRDA:164,9,1,0
BRDA:169,10,0,0
BRDA:169,10,1,0
BRF:22
BRH:3
end_of_record
TN:
SF:/Users/bloodymary/Desktop/api/src/models/project/project.ts
FN:22,(anonymous_1)
FN:26,(anonymous_2)
FN:30,(anonymous_3)
FNF:3
FNH:3
FNDA:1,(anonymous_1)
FNDA:4,(anonymous_2)
FNDA:4,(anonymous_3)
DA:1,1
DA:3,1
DA:5,1
DA:15,1
DA:23,1
DA:27,4
DA:31,4
DA:32,4
DA:33,4
DA:34,4
DA:35,4
LF:11
LH:11
BRF:0
BRH:0
end_of_record
TN:
SF:/Users/bloodymary/Desktop/api/src/models/register/index.ts
FNF:0
FNH:0
LF:0
LH:0
BRF:0
BRH:0
end_of_record
TN:
SF:/Users/bloodymary/Desktop/api/src/models/register/pre-register-data-mapper-impl.ts
FN:31,(anonymous_11)
FN:56,(anonymous_12)
FN:65,(anonymous_13)
FN:69,(anonymous_14)
FN:85,(anonymous_15)
FN:105,(anonymous_18)
FN:126,(anonymous_20)
FN:132,(anonymous_21)
FN:136,(anonymous_22)
FN:154,(anonymous_25)
FN:162,(anonymous_26)
FN:166,(anonymous_27)
FN:182,(anonymous_28)
FNF:13
FNH:10
FNDA:20,(anonymous_11)
FNDA:0,(anonymous_12)
FNDA:0,(anonymous_13)
FNDA:2,(anonymous_14)
FNDA:2,(anonymous_15)
FNDA:0,(anonymous_18)
FNDA:1,(anonymous_20)
FNDA:1,(anonymous_21)
FNDA:4,(anonymous_22)
FNDA:1,(anonymous_25)
FNDA:1,(anonymous_26)
FNDA:2,(anonymous_27)
FNDA:1,(anonymous_28)
DA:1,1
DA:2,1
DA:3,1
DA:4,1
DA:6,1
DA:7,1
DA:10,1
DA:11,1
DA:13,1
DA:18,1
DA:21,20
DA:22,20
DA:23,20
DA:24,20
DA:25,20
DA:26,20
DA:27,20
DA:29,20
DA:33,20
DA:34,20
DA:35,20
DA:37,20
DA:38,20
DA:44,20
DA:50,20
DA:57,0
DA:61,0
DA:62,0
DA:65,0
DA:70,2
DA:73,1
DA:75,2
DA:77,2
DA:78,2
DA:79,2
DA:85,2
DA:91,5
DA:94,1
DA:97,1
DA:100,1
DA:105,0
DA:109,5
DA:111,5
DA:112,5
DA:127,1
DA:128,1
DA:129,1
DA:132,1
DA:137,4
DA:143,2
DA:145,1
DA:146,1
DA:147,1
DA:149,1
DA:154,1
DA:158,1
DA:159,1
DA:162,1
DA:167,2
DA:169,1
DA:170,1
DA:171,1
DA:173,1
DA:178,1
DA:179,1
DA:182,1
LF:66
LH:61
BRDA:72,0,0,2
BRDA:72,0,1,1
BRDA:93,1,0,5
BRDA:93,1,1,4
BRDA:96,2,0,5
BRDA:96,2,1,4
BRDA:99,3,0,5
BRDA:99,3,1,4
BRDA:104,4,0,1
BRDA:104,4,1,0
BRDA:103,5,0,1
BRDA:103,5,1,1
BRF:12
BRH:11
end_of_record
TN:
SF:/Users/bloodymary/Desktop/api/src/models/register/pre-registration.ts
FN:9,(anonymous_1)
FN:13,(anonymous_2)
FN:20,(anonymous_3)
FNF:3
FNH:3
FNDA:1,(anonymous_1)
FNDA:8,(anonymous_2)
FNDA:4,(anonymous_3)
DA:1,1
DA:2,1
DA:4,1
DA:6,1
DA:8,1
DA:10,1
DA:14,8
DA:21,4
DA:22,4
DA:23,4
LF:10
LH:10
BRDA:23,0,0,4
BRDA:23,0,1,1
BRF:2
BRH:2
end_of_record
TN:
SF:/Users/bloodymary/Desktop/api/src/models/register/register-data-mapper-impl.ts
FN:33,(anonymous_11)
FN:58,(anonymous_12)
FN:68,(anonymous_13)
FN:72,(anonymous_14)
FN:95,(anonymous_15)
FN:96,(anonymous_16)
FN:135,(anonymous_19)
FN:148,(anonymous_20)
FN:159,(anonymous_23)
FN:174,(anonymous_26)
FN:193,(anonymous_29)
FN:206,(anonymous_30)
FN:221,(anonymous_33)
FN:229,(anonymous_34)
FN:264,(anonymous_37)
FN:268,(anonymous_38)
FN:290,(anonymous_39)
FN:322,(anonymous_42)
FN:327,(anonymous_43)
FN:343,(anonymous_44)
FN:373,(anonymous_47)
FN:380,(anonymous_48)
FN:395,(anonymous_49)
FNF:23
FNH:19
FNDA:29,(anonymous_11)
FNDA:1,(anonymous_12)
FNDA:1,(anonymous_13)
FNDA:4,(anonymous_14)
FNDA:4,(anonymous_15)
FNDA:4,(anonymous_16)
FNDA:0,(anonymous_19)
FNDA:6,(anonymous_20)
FNDA:2,(anonymous_23)
FNDA:1,(anonymous_26)
FNDA:1,(anonymous_29)
FNDA:1,(anonymous_30)
FNDA:1,(anonymous_33)
FNDA:1,(anonymous_34)
FNDA:1,(anonymous_37)
FNDA:2,(anonymous_38)
FNDA:2,(anonymous_39)
FNDA:2,(anonymous_42)
FNDA:1,(anonymous_43)
FNDA:1,(anonymous_44)
FNDA:0,(anonymous_47)
FNDA:0,(anonymous_48)
FNDA:0,(anonymous_49)
DA:1,1
DA:2,1
DA:3,1
DA:4,1
DA:6,1
DA:7,1
DA:10,1
DA:11,1
DA:13,1
DA:20,1
DA:23,29
DA:24,29
DA:25,29
DA:26,29
DA:27,29
DA:28,29
DA:30,29
DA:31,29
DA:35,29
DA:36,29
DA:37,29
DA:39,29
DA:40,29
DA:46,29
DA:52,29
DA:59,1
DA:64,1
DA:65,1
DA:68,1
DA:73,4
DA:76,1
DA:78,4
DA:80,0
DA:82,4
DA:87,4
DA:88,4
DA:89,4
DA:95,4
DA:97,4
DA:98,4
DA:105,6
DA:116,1
DA:119,1
DA:122,1
DA:124,6
DA:126,0
DA:129,1
DA:135,0
DA:139,6
DA:141,6
DA:142,6
DA:148,6
DA:154,2
DA:155,2
DA:156,2
DA:159,2
DA:164,5
DA:168,3
DA:174,1
DA:178,5
DA:182,2
DA:184,1
DA:185,1
DA:186,1
DA:188,1
DA:193,1
DA:197,0
DA:200,1
DA:202,1
DA:203,1
DA:206,1
DA:211,1
DA:221,1
DA:225,1
DA:226,1
DA:229,1
DA:234,2
DA:235,2
DA:236,2
DA:238,1
DA:239,1
DA:240,1
DA:247,1
DA:248,1
DA:249,1
DA:250,1
DA:251,1
DA:252,1
DA:254,1
DA:260,1
DA:261,1
DA:264,1
DA:269,2
DA:271,2
DA:274,2
DA:283,2
DA:284,2
DA:290,2
DA:309,2
DA:310,18
DA:314,2
DA:315,2
DA:316,2
DA:322,2
DA:328,1
DA:336,1
DA:337,1
DA:343,1
DA:353,18
DA:362,9
DA:373,0
DA:377,18
DA:381,0
DA:389,0
DA:395,0
LF:115
LH:107
BRDA:75,0,0,4
BRDA:75,0,1,1
BRDA:79,1,0,4
BRDA:79,1,1,1
BRDA:115,2,0,6
BRDA:115,2,1,5
BRDA:118,3,0,6
BRDA:118,3,1,5
BRDA:121,4,0,6
BRDA:121,4,1,5
BRDA:125,5,0,6
BRDA:125,5,1,5
BRDA:128,6,0,6
BRDA:128,6,1,5
BRDA:133,7,0,1
BRDA:133,7,1,0
BRDA:167,8,0,5
BRDA:167,8,1,3
BRDA:172,9,0,2
BRDA:172,9,1,1
BRDA:272,10,0,1
BRDA:272,10,1,1
BRDA:271,11,0,2
BRDA:271,11,1,1
BRDA:311,12,0,2
BRDA:311,12,1,16
BRDA:361,13,0,18
BRDA:361,13,1,9
BRDA:371,14,0,9
BRDA:371,14,1,0
BRF:30
BRH:28
end_of_record
TN:
SF:/Users/bloodymary/Desktop/api/src/models/register/registration.ts
FN:7,(anonymous_1)
FN:14,(anonymous_2)
FN:23,(anonymous_3)
FN:32,(anonymous_4)
FN:40,(anonymous_5)
FN:77,(anonymous_6)
FN:109,(anonymous_7)
FN:140,(anonymous_8)
FNF:8
FNH:8
FNDA:1,(anonymous_1)
FNDA:1,(anonymous_2)
FNDA:1,(anonymous_3)
FNDA:1,(anonymous_4)
FNDA:1,(anonymous_5)
FNDA:8,(anonymous_6)
FNDA:4,(anonymous_7)
FNDA:5,(anonymous_8)
DA:1,1
DA:3,1
DA:5,1
DA:7,1
DA:8,1
DA:9,1
DA:10,1
DA:11,1
DA:14,1
DA:15,1
DA:16,1
DA:17,1
DA:18,1
DA:19,1
DA:20,1
DA:23,1
DA:24,1
DA:25,1
DA:26,1
DA:27,1
DA:28,1
DA:29,1
DA:32,1
DA:33,1
DA:34,1
DA:35,1
DA:36,1
DA:37,1
DA:40,1
DA:41,1
DA:42,1
DA:43,1
DA:75,1
DA:78,8
DA:110,4
DA:111,4
DA:112,4
DA:113,4
DA:114,4
DA:115,4
DA:116,4
DA:117,4
DA:118,4
DA:119,4
DA:120,4
DA:121,4
DA:122,4
DA:123,4
DA:124,4
DA:125,4
DA:126,4
DA:127,4
DA:128,4
DA:129,4
DA:130,4
DA:131,4
DA:132,4
DA:133,4
DA:134,4
DA:135,4
DA:136,4
DA:141,5
LF:62
LH:62
BRDA:7,0,0,1
BRDA:7,0,1,1
BRDA:14,1,0,1
BRDA:14,1,1,1
BRDA:23,2,0,1
BRDA:23,2,1,1
BRDA:32,3,0,1
BRDA:32,3,1,1
BRDA:40,4,0,1
BRDA:40,4,1,1
BRDA:115,5,0,4
BRDA:115,5,1,4
BRDA:116,6,0,4
BRDA:116,6,1,4
BRF:14
BRH:14
end_of_record
TN:
SF:/Users/bloodymary/Desktop/api/src/models/scanner/index.ts
FNF:0
FNH:0
LF:0
LH:0
BRF:0
BRH:0
end_of_record
TN:
SF:/Users/bloodymary/Desktop/api/src/models/scanner/scanner-data-mapper-impl.ts
FN:52,(anonymous_11)
FN:24,(anonymous_12)
FN:67,(anonymous_13)
FN:93,(anonymous_16)
FN:103,(anonymous_17)
FN:135,(anonymous_20)
FN:148,(anonymous_21)
FN:160,(anonymous_24)
FN:176,(anonymous_27)
FN:184,(anonymous_28)
FN:188,(anonymous_29)
FN:198,(anonymous_32)
FN:198,(anonymous_33)
FN:222,(anonymous_36)
FN:222,(anonymous_37)
FN:240,(anonymous_38)
FN:255,(anonymous_39)
FN:270,(anonymous_42)
FN:304,(anonymous_45)
FN:317,(anonymous_46)
FNF:20
FNH:2
FNDA:8,(anonymous_11)
FNDA:0,(anonymous_12)
FNDA:0,(anonymous_13)
FNDA:0,(anonymous_16)
FNDA:0,(anonymous_17)
FNDA:0,(anonymous_20)
FNDA:0,(anonymous_21)
FNDA:0,(anonymous_24)
FNDA:0,(anonymous_27)
FNDA:0,(anonymous_28)
FNDA:0,(anonymous_29)
FNDA:0,(anonymous_32)
FNDA:0,(anonymous_33)
FNDA:0,(anonymous_36)
FNDA:0,(anonymous_37)
FNDA:0,(anonymous_38)
FNDA:0,(anonymous_39)
FNDA:1,(anonymous_42)
FNDA:0,(anonymous_45)
FNDA:0,(anonymous_46)
DA:1,1
DA:2,1
DA:3,1
DA:4,1
DA:6,1
DA:7,1
DA:10,1
DA:11,1
DA:13,1
DA:21,1
DA:27,0
DA:29,0
DA:34,0
DA:40,8
DA:41,8
DA:42,8
DA:43,8
DA:48,8
DA:49,8
DA:50,8
DA:54,8
DA:55,8
DA:56,8
DA:58,8
DA:59,8
DA:68,0
DA:78,0
DA:84,0
DA:87,0
DA:93,0
DA:97,0
DA:99,0
DA:100,0
DA:101,0
DA:103,0
DA:109,0
DA:120,0
DA:123,0
DA:126,0
DA:129,0
DA:135,0
DA:139,0
DA:141,0
DA:142,0
DA:148,0
DA:154,0
DA:156,0
DA:157,0
DA:160,0
DA:165,0
DA:167,0
DA:168,0
DA:169,0
DA:171,0
DA:176,0
DA:180,0
DA:181,0
DA:184,0
DA:189,0
DA:193,0
DA:194,0
DA:198,0
DA:200,0
DA:202,0
DA:203,0
DA:210,0
DA:217,0
DA:218,0
DA:222,0
DA:224,0
DA:226,0
DA:227,0
DA:234,0
DA:241,0
DA:243,0
DA:244,0
DA:245,0
DA:247,0
DA:251,0
DA:252,0
DA:255,0
DA:260,3
DA:264,2
DA:270,1
DA:274,3
DA:278,0
DA:289,0
DA:292,0
DA:295,0
DA:298,0
DA:304,0
DA:308,0
DA:310,0
DA:311,0
DA:317,0
LF:95
LH:26
BRDA:26,0,0,0
BRDA:26,0,1,0
BRDA:26,0,2,0
BRDA:83,1,0,0
BRDA:83,1,1,0
BRDA:86,2,0,0
BRDA:86,2,1,0
BRDA:91,3,0,0
BRDA:91,3,1,0
BRDA:119,4,0,0
BRDA:119,4,1,0
BRDA:122,5,0,0
BRDA:122,5,1,0
BRDA:125,6,0,0
BRDA:125,6,1,0
BRDA:128,7,0,0
BRDA:128,7,1,0
BRDA:133,8,0,0
BRDA:133,8,1,0
BRDA:263,9,0,3
BRDA:263,9,1,2
BRDA:268,10,0,1
BRDA:268,10,1,1
BRDA:288,11,0,0
BRDA:288,11,1,0
BRDA:291,12,0,0
BRDA:291,12,1,0
BRDA:294,13,0,0
BRDA:294,13,1,0
BRDA:297,14,0,0
BRDA:297,14,1,0
BRDA:302,15,0,0
BRDA:302,15,1,0
BRF:33
BRH:4
end_of_record
TN:
SF:/Users/bloodymary/Desktop/api/src/models/travel-reimbursement/travel-reimbursement-data-mapper-impl.ts
FN:30,(anonymous_11)
FN:55,(anonymous_12)
FN:65,(anonymous_13)
FN:69,(anonymous_14)
FN:124,(anonymous_18)
FN:145,(anonymous_20)
FN:151,(anonymous_21)
FN:155,(anonymous_22)
FN:173,(anonymous_25)
FN:181,(anonymous_26)
FN:185,(anonymous_27)
FN:201,(anonymous_28)
FNF:12
FNH:11
FNDA:5,(anonymous_11)
FNDA:1,(anonymous_12)
FNDA:1,(anonymous_13)
FNDA:1,(anonymous_14)
FNDA:0,(anonymous_18)
FNDA:1,(anonymous_20)
FNDA:1,(anonymous_21)
FNDA:1,(anonymous_22)
FNDA:1,(anonymous_25)
FNDA:1,(anonymous_26)
FNDA:1,(anonymous_27)
FNDA:1,(anonymous_28)
DA:1,1
DA:2,1
DA:3,1
DA:4,1
DA:6,1
DA:7,1
DA:10,1
DA:11,1
DA:13,1
DA:18,1
DA:20,5
DA:21,5
DA:22,5
DA:23,5
DA:24,5
DA:25,5
DA:27,5
DA:28,5
DA:32,5
DA:33,5
DA:34,5
DA:36,5
DA:37,5
DA:43,5
DA:49,5
DA:56,1
DA:61,1
DA:62,1
DA:65,1
DA:73,1
DA:76,0
DA:78,1
DA:81,1
DA:82,1
DA:83,1
DA:98,0
DA:109,0
DA:112,0
DA:115,0
DA:118,0
DA:124,0
DA:128,0
DA:130,0
DA:131,0
DA:146,1
DA:147,1
DA:148,1
DA:151,1
DA:156,1
DA:162,1
DA:164,0
DA:165,0
DA:166,0
DA:168,1
DA:173,1
DA:177,1
DA:178,1
DA:181,1
DA:186,1
DA:188,0
DA:189,0
DA:190,0
DA:192,1
DA:197,1
DA:198,1
DA:201,1
LF:66
LH:50
BRDA:75,0,0,1
BRDA:75,0,1,0
BRDA:108,1,0,0
BRDA:108,1,1,0
BRDA:111,2,0,0
BRDA:111,2,1,0
BRDA:114,3,0,0
BRDA:114,3,1,0
BRDA:117,4,0,0
BRDA:117,4,1,0
BRDA:122,5,0,0
BRDA:122,5,1,0
BRF:12
BRH:1
end_of_record
TN:
SF:/Users/bloodymary/Desktop/api/src/models/travel-reimbursement/travel-reimbursement.ts
FN:18,(anonymous_1)
FN:22,(anonymous_2)
FN:34,(anonymous_3)
FNF:3
FNH:3
FNDA:1,(anonymous_1)
FNDA:4,(anonymous_2)
FNDA:2,(anonymous_3)
DA:1,1
DA:2,1
DA:4,1
DA:6,1
DA:17,1
DA:19,1
DA:23,4
DA:35,2
DA:36,2
DA:37,2
DA:38,2
DA:39,2
DA:40,2
DA:41,2
DA:42,2
LF:15
LH:15
BRDA:37,0,0,2
BRDA:37,0,1,0
BRDA:42,1,0,2
BRDA:42,1,1,0
BRF:4
BRH:2
end_of_record
TN:
SF:/Users/bloodymary/Desktop/api/src/models/update/index.ts
FNF:0
FNH:0
LF:0
LH:0
BRF:0
BRH:0
end_of_record
TN:
SF:/Users/bloodymary/Desktop/api/src/models/update/update-data-mapper-impl.ts
FN:30,(anonymous_5)
FN:52,(anonymous_6)
FN:60,(anonymous_7)
FN:65,(anonymous_8)
FN:73,(anonymous_9)
FN:77,(anonymous_10)
FN:80,(anonymous_11)
FN:81,(anonymous_12)
FN:85,(anonymous_13)
FN:89,(anonymous_14)
FN:92,(anonymous_15)
FN:93,(anonymous_16)
FN:97,(anonymous_17)
FN:101,(anonymous_18)
FN:110,(anonymous_19)
FN:111,(anonymous_20)
FN:117,(anonymous_21)
FN:121,(anonymous_22)
FN:129,(anonymous_23)
FN:130,(anonymous_24)
FN:136,(anonymous_25)
FN:140,(anonymous_26)
FN:142,(anonymous_27)
FN:143,(anonymous_28)
FN:147,(anonymous_29)
FNF:25
FNH:23
FNDA:8,(anonymous_5)
FNDA:0,(anonymous_6)
FNDA:0,(anonymous_7)
FNDA:1,(anonymous_8)
FNDA:1,(anonymous_9)
FNDA:1,(anonymous_10)
FNDA:1,(anonymous_11)
FNDA:1,(anonymous_12)
FNDA:1,(anonymous_13)
FNDA:1,(anonymous_14)
FNDA:1,(anonymous_15)
FNDA:1,(anonymous_16)
FNDA:1,(anonymous_17)
FNDA:2,(anonymous_18)
FNDA:1,(anonymous_19)
FNDA:1,(anonymous_20)
FNDA:1,(anonymous_21)
FNDA:2,(anonymous_22)
FNDA:1,(anonymous_23)
FNDA:1,(anonymous_24)
FNDA:1,(anonymous_25)
FNDA:1,(anonymous_26)
FNDA:1,(anonymous_27)
FNDA:1,(anonymous_28)
FNDA:1,(anonymous_29)
DA:1,1
DA:2,1
DA:3,1
DA:4,1
DA:7,1
DA:8,1
DA:11,1
DA:12,1
DA:13,1
DA:15,1
DA:19,1
DA:20,8
DA:21,8
DA:22,8
DA:23,8
DA:24,8
DA:25,8
DA:26,8
DA:28,8
DA:31,8
DA:32,8
DA:33,8
DA:34,8
DA:35,8
DA:37,8
DA:38,8
DA:44,8
DA:53,0
DA:60,0
DA:66,1
DA:73,1
DA:78,1
DA:80,1
DA:82,1
DA:83,1
DA:85,1
DA:90,1
DA:92,1
DA:94,1
DA:95,1
DA:97,1
DA:102,2
DA:104,1
DA:106,1
DA:107,1
DA:108,1
DA:110,1
DA:112,1
DA:117,1
DA:122,2
DA:124,1
DA:125,1
DA:126,1
DA:128,1
DA:129,1
DA:130,1
DA:136,1
DA:141,1
DA:142,1
DA:144,1
DA:145,1
DA:147,1
LF:62
LH:60
BRF:0
BRH:0
end_of_record
TN:
SF:/Users/bloodymary/Desktop/api/src/models/update/update.ts
FN:18,(anonymous_1)
FN:22,(anonymous_2)
FN:26,(anonymous_3)
FN:30,(anonymous_4)
FN:41,(anonymous_5)
FNF:5
FNH:3
FNDA:0,(anonymous_1)
FNDA:8,(anonymous_2)
FNDA:1,(anonymous_3)
FNDA:0,(anonymous_4)
FNDA:4,(anonymous_5)
DA:2,1
DA:4,1
DA:6,1
DA:16,1
DA:19,0
DA:23,8
DA:27,1
DA:31,0
DA:42,4
DA:43,4
DA:44,4
DA:45,4
DA:46,4
DA:47,4
DA:48,4
LF:15
LH:13
BRDA:46,0,0,4
BRDA:46,0,1,0
BRDA:47,1,0,4
BRDA:47,1,1,1
BRF:4
BRH:3
end_of_record
TN:
SF:/Users/bloodymary/Desktop/api/src/processors/admin-processor.ts
FN:36,(anonymous_11)
FN:49,(anonymous_14)
FN:74,(anonymous_15)
FN:80,(anonymous_16)
FNF:4
FNH:3
FNDA:4,(anonymous_11)
FNDA:0,(anonymous_14)
FNDA:3,(anonymous_15)
FNDA:4,(anonymous_16)
DA:1,1
DA:2,1
DA:3,1
DA:4,1
DA:6,1
DA:8,1
DA:9,1
DA:11,1
DA:35,1
DA:37,4
DA:47,0
DA:48,0
DA:50,0
DA:61,0
DA:76,3
DA:77,3
DA:78,3
DA:79,3
DA:80,3
DA:82,3
DA:83,3
DA:84,3
DA:86,1
DA:91,4
DA:94,1
DA:99,2
DA:113,1
DA:120,1
DA:123,0
DA:129,1
DA:131,0
DA:137,1
LF:32
LH:26
BRF:0
BRH:0
end_of_record
TN:
SF:/Users/bloodymary/Desktop/api/src/processors/index-processor.ts
FN:13,(anonymous_1)
FNF:1
FNH:1
FNDA:1,(anonymous_1)
DA:4,1
DA:5,1
DA:12,1
DA:14,1
LF:4
LH:4
BRF:0
BRH:0
end_of_record
TN:
SF:/Users/bloodymary/Desktop/api/src/processors/pre-registration-processor.ts
FN:16,(anonymous_10)
FNF:1
FNH:1
FNDA:1,(anonymous_10)
DA:1,1
DA:3,1
DA:14,1
DA:17,1
DA:21,1
DA:22,1
LF:6
LH:6
BRF:0
BRH:0
end_of_record
TN:
SF:/Users/bloodymary/Desktop/api/src/processors/registration-processor.ts
FN:36,(anonymous_11)
FN:64,(anonymous_16)
FN:82,(anonymous_19)
FN:84,(anonymous_20)
FN:87,(anonymous_21)
FN:88,(anonymous_22)
FNF:6
FNH:1
FNDA:2,(anonymous_11)
FNDA:0,(anonymous_16)
FNDA:0,(anonymous_19)
FNDA:0,(anonymous_20)
FNDA:0,(anonymous_21)
FNDA:0,(anonymous_22)
DA:1,1
DA:2,1
DA:3,1
DA:9,1
DA:14,1
DA:15,1
DA:16,1
DA:17,1
DA:21,1
DA:34,1
DA:37,2
DA:38,2
DA:39,2
DA:43,1
DA:44,1
DA:45,1
DA:46,1
DA:54,2
DA:55,2
DA:61,2
DA:66,0
DA:68,0
DA:70,0
DA:72,0
DA:74,0
DA:78,0
DA:79,0
DA:82,0
DA:84,0
DA:87,0
DA:88,0
DA:89,0
LF:32
LH:20
BRDA:66,0,0,0
BRDA:66,0,1,0
BRDA:68,1,0,0
BRDA:68,1,1,0
BRDA:70,2,0,0
BRDA:70,2,1,0
BRDA:72,3,0,0
BRDA:72,3,1,0
BRDA:74,4,0,0
BRDA:74,4,1,0
BRF:10
BRH:0
end_of_record
TN:
SF:/Users/bloodymary/Desktop/api/src/processors/update-processor.ts
FN:15,(anonymous_10)
FNF:1
FNH:1
FNDA:2,(anonymous_10)
DA:1,1
DA:4,1
DA:6,1
DA:13,1
DA:16,2
DA:17,2
DA:18,2
DA:22,2
DA:26,1
DA:31,0
DA:34,2
LF:11
LH:10
BRF:0
BRH:0
end_of_record
TN:
SF:/Users/bloodymary/Desktop/api/src/router/doc_constants.ts
FNF:0
FNH:0
LF:0
LH:0
BRF:0
BRH:0
end_of_record
TN:
SF:/Users/bloodymary/Desktop/api/src/router/index.ts
FNF:0
FNH:0
LF:0
LH:0
BRF:0
BRH:0
end_of_record
TN:
SF:/Users/bloodymary/Desktop/api/src/router/router-types/parent-router.ts
FN:5,(anonymous_0)
FN:12,(anonymous_1)
FN:16,(anonymous_2)
FNF:3
FNH:0
FNDA:0,(anonymous_0)
FNDA:0,(anonymous_1)
FNDA:0,(anonymous_2)
DA:4,1
DA:6,0
DA:9,1
DA:10,1
DA:13,0
DA:17,0
DA:18,0
LF:7
LH:3
BRDA:5,0,0,0
BRF:1
BRH:0
end_of_record
TN:
SF:/Users/bloodymary/Desktop/api/src/router/router-types/response-body.ts
FN:8,(anonymous_0)
FNF:1
FNH:1
FNDA:6,(anonymous_0)
DA:3,1
DA:9,6
DA:10,6
DA:11,6
LF:4
LH:4
BRF:0
BRH:0
end_of_record
TN:
SF:/Users/bloodymary/Desktop/api/src/router/routes/controllers.ts
FNF:0
FNH:0
LF:0
LH:0
BRF:0
BRH:0
end_of_record
TN:
SF:/Users/bloodymary/Desktop/api/src/router/routes/register.ts
FNF:0
FNH:0
LF:0
LH:0
BRF:0
BRH:0
end_of_record
TN:
SF:/Users/bloodymary/Desktop/api/src/router/routes/admin/index.ts
FNF:0
FNH:0
LF:0
LH:0
BRF:0
BRH:0
end_of_record
TN:
SF:/Users/bloodymary/Desktop/api/src/router/routes/admin/scanner-controller-abstract.ts
FNF:0
FNH:0
LF:0
LH:0
BRF:0
BRH:0
end_of_record
TN:
SF:/Users/bloodymary/Desktop/api/src/services/auth/firebase-auth.ts
FN:72,(anonymous_10)
FN:23,(anonymous_11)
FN:85,(anonymous_12)
FN:128,(anonymous_15)
FN:129,(anonymous_16)
FN:159,(anonymous_17)
FN:169,(anonymous_18)
FN:183,(anonymous_19)
FN:194,(anonymous_20)
FN:201,(anonymous_21)
FN:206,(anonymous_22)
FN:210,(anonymous_23)
FNF:12
FNH:10
FNDA:11,(anonymous_10)
FNDA:12,(anonymous_11)
FNDA:2,(anonymous_12)
FNDA:11,(anonymous_15)
FNDA:11,(anonymous_16)
FNDA:11,(anonymous_17)
FNDA:2,(anonymous_18)
FNDA:0,(anonymous_19)
FNDA:12,(anonymous_20)
FNDA:3,(anonymous_21)
FNDA:0,(anonymous_22)
FNDA:12,(anonymous_23)
DA:1,1
DA:4,1
DA:5,1
DA:7,1
DA:8,1
DA:10,1
DA:11,1
DA:12,1
DA:21,1
DA:27,4
DA:28,4
DA:30,3
DA:31,3
DA:33,2
DA:34,2
DA:36,2
DA:37,2
DA:39,0
DA:40,0
DA:42,0
DA:43,0
DA:46,0
DA:47,0
DA:50,0
DA:51,0
DA:54,1
DA:55,1
DA:58,0
DA:59,0
DA:62,0
DA:63,0
DA:65,0
DA:66,0
DA:68,12
DA:73,11
DA:74,11
DA:75,11
DA:77,11
DA:86,2
DA:105,0
DA:108,0
DA:111,0
DA:112,0
DA:113,0
DA:114,0
DA:116,0
DA:117,0
DA:129,11
DA:134,0
DA:137,2
DA:140,11
DA:145,6
DA:146,0
DA:154,5
DA:166,0
DA:169,1
DA:170,2
DA:172,1
DA:174,10
DA:180,5
DA:185,0
DA:187,0
DA:200,2
DA:201,3
DA:203,10
DA:207,0
DA:216,12
DA:222,5
DA:223,5
DA:224,5
DA:226,7
LF:71
LH:43
BRDA:26,0,0,4
BRDA:26,0,1,3
BRDA:26,0,2,2
BRDA:26,0,3,2
BRDA:26,0,4,0
BRDA:26,0,5,0
BRDA:26,0,6,0
BRDA:26,0,7,0
BRDA:26,0,8,1
BRDA:26,0,9,0
BRDA:26,0,10,0
BRDA:26,0,11,0
BRDA:117,1,0,0
BRDA:117,1,1,0
BRDA:140,2,0,6
BRDA:140,2,1,0
BRF:16
BRH:6
end_of_record
TN:
SF:/Users/bloodymary/Desktop/api/src/services/auth/RBAC/Role.ts
FN:7,(anonymous_0)
FN:11,(anonymous_1)
FN:15,(anonymous_2)
FN:19,(anonymous_3)
FN:23,(anonymous_4)
FN:42,(anonymous_5)
FN:54,(anonymous_6)
FNF:7
FNH:6
FNDA:1574,(anonymous_0)
FNDA:752,(anonymous_1)
FNDA:10,(anonymous_2)
FNDA:1535,(anonymous_3)
FNDA:420,(anonymous_4)
FNDA:367,(anonymous_5)
FNDA:0,(anonymous_6)
DA:1,1
DA:8,1574
DA:12,752
DA:16,10
DA:20,1535
DA:29,420
DA:30,420
DA:31,420
DA:32,420
DA:33,420
DA:44,0
DA:46,367
DA:47,367
DA:55,0
LF:14
LH:12
BRDA:33,0,0,288
BRDA:33,0,1,132
BRDA:48,1,0,102
BRDA:48,1,1,265
BRDA:47,2,0,367
BRDA:47,2,1,102
BRDA:50,3,0,265
BRDA:50,3,1,0
BRDA:50,4,0,260
BRDA:50,4,1,5
BRDA:57,5,0,0
BRDA:57,5,1,0
BRF:12
BRH:9
end_of_record
TN:
SF:/Users/bloodymary/Desktop/api/src/services/auth/RBAC/rbac.ts
FN:12,(anonymous_2)
FN:16,(anonymous_3)
FN:24,(anonymous_4)
FN:34,(anonymous_5)
FN:37,(anonymous_6)
FNF:5
FNH:4
FNDA:30,(anonymous_2)
FNDA:420,(anonymous_3)
FNDA:20,(anonymous_4)
FNDA:2,(anonymous_5)
FNDA:0,(anonymous_6)
DA:1,1
DA:2,1
DA:8,1
DA:13,30
DA:18,367
DA:20,53
DA:25,20
DA:26,18
DA:29,1
DA:31,8
DA:33,9
DA:34,2
DA:38,0
LF:13
LH:12
BRDA:25,0,0,2
BRDA:25,0,1,18
BRDA:33,1,0,2
BRDA:33,1,1,7
BRF:4
BRH:4
end_of_record
TN:
SF:/Users/bloodymary/Desktop/api/src/services/auth/RBAC/rbac-types/index.ts
FN:61,(anonymous_0)
FNF:1
FNH:1
FNDA:1,(anonymous_0)
DA:61,1
DA:62,1
DA:63,1
DA:64,1
DA:65,1
DA:66,1
DA:67,1
DA:68,1
DA:69,1
DA:70,1
DA:71,1
DA:72,1
LF:12
LH:12
BRDA:61,0,0,1
BRDA:61,0,1,1
BRF:2
BRH:2
end_of_record
TN:
SF:/Users/bloodymary/Desktop/api/src/services/auth/auth-types/index.ts
FN:71,(anonymous_0)
FNF:1
FNH:1
FNDA:1,(anonymous_0)
DA:6,1
DA:71,1
DA:72,1
DA:73,1
DA:74,1
DA:75,1
DA:76,1
DA:77,1
LF:8
LH:8
BRDA:71,0,0,1
BRDA:71,0,1,1
BRF:2
BRH:2
end_of_record
TN:
SF:/Users/bloodymary/Desktop/api/src/services/common/firebase/firebase-types/firebase-service.ts
FNF:0
FNH:0
LF:0
LH:0
BRF:0
BRH:0
end_of_record
TN:
SF:/Users/bloodymary/Desktop/api/src/services/common/injector/root-injector.ts
FN:5,(anonymous_0)
FN:12,(anonymous_1)
FN:13,(anonymous_2)
FNF:3
FNH:0
FNDA:0,(anonymous_0)
FNDA:0,(anonymous_1)
FNDA:0,(anonymous_2)
DA:1,1
DA:3,1
DA:7,0
DA:9,0
DA:13,0
DA:16,1
LF:6
LH:3
BRF:0
BRH:0
end_of_record
TN:
SF:/Users/bloodymary/Desktop/api/src/services/communication/email/email.service.ts
FNF:0
FNH:0
LF:0
LH:0
BRF:0
BRH:0
end_of_record
TN:
SF:/Users/bloodymary/Desktop/api/src/services/communication/email/index.ts
FNF:0
FNH:0
LF:0
LH:0
BRF:0
BRH:0
end_of_record
TN:
SF:/Users/bloodymary/Desktop/api/src/services/communication/email/sendgrid.service.ts
FN:11,(anonymous_2)
FN:43,(anonymous_3)
FN:62,(anonymous_4)
FNF:3
FNH:0
FNDA:0,(anonymous_2)
FNDA:0,(anonymous_3)
FNDA:0,(anonymous_4)
DA:1,1
DA:2,1
DA:3,1
DA:4,1
DA:9,1
DA:18,0
DA:21,0
DA:22,0
DA:44,0
DA:48,0
DA:50,0
DA:55,0
DA:59,0
DA:63,0
LF:14
LH:5
BRDA:21,0,0,0
BRDA:21,0,1,0
BRDA:21,1,0,0
BRDA:21,1,1,0
BRDA:44,2,0,0
BRDA:44,2,1,0
BRDA:47,3,0,0
BRDA:47,3,1,0
BRDA:47,3,2,0
BRF:9
BRH:0
end_of_record
TN:
SF:/Users/bloodymary/Desktop/api/src/services/communication/email-list/email-list.service.ts
FNF:0
FNH:0
LF:0
LH:0
BRF:0
BRH:0
end_of_record
TN:
SF:/Users/bloodymary/Desktop/api/src/services/communication/email-list/index.ts
FNF:0
FNH:0
LF:0
LH:0
BRF:0
BRH:0
end_of_record
TN:
SF:/Users/bloodymary/Desktop/api/src/services/communication/email/email-types/index.ts
FNF:0
FNH:0
LF:0
LH:0
BRF:0
BRH:0
end_of_record
TN:
SF:/Users/bloodymary/Desktop/api/src/services/communication/push-notification/onesignal.service.ts
FN:16,(anonymous_3)
FN:21,(anonymous_4)
FN:42,(anonymous_5)
FN:43,(anonymous_6)
FNF:4
FNH:0
FNDA:0,(anonymous_3)
FNDA:0,(anonymous_4)
FNDA:0,(anonymous_5)
FNDA:0,(anonymous_6)
DA:1,1
DA:2,1
DA:3,1
DA:6,1
DA:7,1
DA:8,1
DA:11,1
DA:17,0
DA:18,0
DA:42,0
DA:43,0
DA:45,0
DA:47,0
LF:13
LH:7
BRDA:44,0,0,0
BRDA:44,0,1,0
BRDA:44,0,2,0
BRF:3
BRH:0
end_of_record
TN:
SF:/Users/bloodymary/Desktop/api/src/services/communication/push-notification/push-notif.service.ts
FNF:0
FNH:0
LF:0
LH:0
BRF:0
BRH:0
end_of_record
TN:
SF:/Users/bloodymary/Desktop/api/src/services/database/index.ts
FNF:0
FNH:0
LF:0
LH:0
BRF:0
BRH:0
end_of_record
TN:
SF:/Users/bloodymary/Desktop/api/src/services/database/cache/cache.ts
FNF:0
FNH:0
LF:0
LH:0
BRF:0
BRH:0
end_of_record
TN:
SF:/Users/bloodymary/Desktop/api/src/services/database/cache/memcache-impl.service.ts
FN:20,(anonymous_2)
FN:26,(anonymous_3)
FN:41,(anonymous_4)
FN:54,(anonymous_5)
FNF:4
FNH:3
FNDA:2,(anonymous_2)
FNDA:2,(anonymous_3)
FNDA:102,(anonymous_4)
FNDA:0,(anonymous_5)
DA:1,1
DA:4,1
DA:10,1
DA:21,2
DA:22,2
DA:23,2
DA:28,0
DA:30,2
DA:31,2
DA:34,1
DA:35,1
DA:36,1
DA:38,2
DA:43,0
DA:47,1
DA:48,1
DA:50,102
DA:51,102
DA:55,0
LF:19
LH:16
BRF:0
BRH:0
end_of_record
TN:
SF:/Users/bloodymary/Desktop/api/src/services/database/connection/connection-factory.ts
FNF:0
FNH:0
LF:0
LH:0
BRF:0
BRH:0
end_of_record
TN:
SF:/Users/bloodymary/Desktop/api/src/services/database/connection/rtdb-factory.ts
FNF:0
FNH:0
LF:0
LH:0
BRF:0
BRH:0
end_of_record
TN:
SF:/Users/bloodymary/Desktop/api/src/services/database/svc/generic-data-mapper.ts
FN:10,(anonymous_0)
FN:13,(anonymous_1)
FN:20,(anonymous_2)
FNF:3
FNH:3
FNDA:183,(anonymous_0)
FNDA:403,(anonymous_1)
FNDA:403,(anonymous_2)
DA:1,1
DA:3,1
DA:5,1
DA:10,183
DA:19,403
DA:21,403
LF:6
LH:6
BRDA:24,0,0,386
BRDA:24,0,1,17
BRF:2
BRH:2
end_of_record
TN:
SF:/Users/bloodymary/Desktop/api/src/services/database/svc/mysql-uow.service.ts
FN:11,(anonymous_10)
FN:30,(anonymous_11)
FN:35,(anonymous_12)
FN:37,(anonymous_13)
FN:51,(anonymous_14)
FN:58,(anonymous_15)
FN:59,(anonymous_16)
FN:59,(anonymous_17)
FN:73,(anonymous_18)
FN:74,(anonymous_19)
FN:88,(anonymous_20)
FN:95,(anonymous_21)
FN:102,(anonymous_22)
FN:105,(anonymous_23)
FN:106,(anonymous_24)
FN:107,(anonymous_25)
FN:113,(anonymous_26)
FN:114,(anonymous_27)
FN:115,(anonymous_28)
FN:126,(anonymous_29)
FNF:20
FNH:1
FNDA:1,(anonymous_10)
FNDA:0,(anonymous_11)
FNDA:0,(anonymous_12)
FNDA:0,(anonymous_13)
FNDA:0,(anonymous_14)
FNDA:0,(anonymous_15)
FNDA:0,(anonymous_16)
FNDA:0,(anonymous_17)
FNDA:0,(anonymous_18)
FNDA:0,(anonymous_19)
FNDA:0,(anonymous_20)
FNDA:0,(anonymous_21)
FNDA:0,(anonymous_22)
FNDA:0,(anonymous_23)
FNDA:0,(anonymous_24)
FNDA:0,(anonymous_25)
FNDA:0,(anonymous_26)
FNDA:0,(anonymous_27)
FNDA:0,(anonymous_28)
FNDA:0,(anonymous_29)
DA:1,1
DA:3,1
DA:4,1
DA:5,1
DA:6,1
DA:11,1
DA:12,1
DA:13,1
DA:14,1
DA:15,1
DA:16,1
DA:17,1
DA:18,1
DA:19,1
DA:23,1
DA:31,0
DA:32,0
DA:33,0
DA:35,0
DA:38,0
DA:39,0
DA:56,0
DA:59,0
DA:62,0
DA:64,0
DA:65,0
DA:66,0
DA:70,0
DA:73,0
DA:74,0
DA:76,0
DA:77,0
DA:80,0
DA:87,0
DA:88,0
DA:89,0
DA:90,0
DA:96,0
DA:97,0
DA:102,0
DA:106,0
DA:107,0
DA:108,0
DA:114,0
DA:115,0
DA:116,0
DA:117,0
DA:127,0
DA:131,0
DA:134,0
DA:137,0
DA:140,0
DA:143,0
DA:146,0
DA:150,0
DA:155,0
LF:56
LH:15
BRDA:11,0,0,1
BRDA:11,0,1,1
BRDA:53,1,0,0
BRDA:54,2,0,0
BRDA:129,3,0,0
BRDA:129,3,1,0
BRDA:129,3,2,0
BRDA:129,3,3,0
BRDA:129,3,4,0
BRDA:129,3,5,0
BRDA:129,3,6,0
BRDA:129,3,7,0
BRF:12
BRH:2
end_of_record
TN:
SF:/Users/bloodymary/Desktop/api/src/services/database/svc/rtdb-uow.service.ts
FN:8,(anonymous_4)
FN:21,(anonymous_5)
FN:35,(anonymous_6)
FN:57,(anonymous_7)
FN:58,(anonymous_8)
FN:60,(anonymous_9)
FN:66,(anonymous_10)
FN:78,(anonymous_11)
FN:79,(anonymous_12)
FN:82,(anonymous_13)
FN:86,(anonymous_14)
FN:92,(anonymous_15)
FN:96,(anonymous_16)
FN:97,(anonymous_17)
FN:103,(anonymous_18)
FN:103,(anonymous_19)
FN:118,(anonymous_20)
FNF:17
FNH:1
FNDA:1,(anonymous_4)
FNDA:0,(anonymous_5)
FNDA:0,(anonymous_6)
FNDA:0,(anonymous_7)
FNDA:0,(anonymous_8)
FNDA:0,(anonymous_9)
FNDA:0,(anonymous_10)
FNDA:0,(anonymous_11)
FNDA:0,(anonymous_12)
FNDA:0,(anonymous_13)
FNDA:0,(anonymous_14)
FNDA:0,(anonymous_15)
FNDA:0,(anonymous_16)
FNDA:0,(anonymous_17)
FNDA:0,(anonymous_18)
FNDA:0,(anonymous_19)
FNDA:0,(anonymous_20)
DA:2,1
DA:3,1
DA:4,1
DA:8,1
DA:9,1
DA:10,1
DA:11,1
DA:12,1
DA:13,1
DA:14,1
DA:18,1
DA:22,0
DA:23,0
DA:25,0
DA:37,0
DA:39,0
DA:42,0
DA:44,0
DA:46,0
DA:49,0
DA:51,0
DA:53,0
DA:58,0
DA:59,0
DA:61,0
DA:62,0
DA:64,0
DA:67,0
DA:68,0
DA:69,0
DA:72,0
DA:79,0
DA:80,0
DA:81,0
DA:83,0
DA:85,0
DA:87,0
DA:93,0
DA:97,0
DA:99,0
DA:100,0
DA:102,0
DA:103,0
DA:105,0
DA:108,0
DA:110,0
DA:111,0
DA:112,0
DA:119,0
LF:49
LH:11
BRDA:8,0,0,1
BRDA:8,0,1,1
BRDA:41,1,0,0
BRDA:41,1,1,0
BRDA:41,1,2,0
BRDA:41,1,3,0
BRDA:41,1,4,0
BRDA:41,1,5,0
BRF:8
BRH:2
end_of_record
TN:
SF:/Users/bloodymary/Desktop/api/src/services/database/svc/uow.service.ts
FNF:0
FNH:0
LF:0
LH:0
BRF:0
BRH:0
end_of_record
TN:
SF:/Users/bloodymary/Desktop/api/src/services/database/svc/uow.ts
FNF:0
FNH:0
LF:0
LH:0
BRF:0
BRH:0
end_of_record
TN:
SF:/Users/bloodymary/Desktop/api/src/services/factories/uow_factory.ts
FNF:0
FNH:0
LF:0
LH:0
BRF:0
BRH:0
end_of_record
TN:
SF:/Users/bloodymary/Desktop/api/src/services/logging/logging.ts
FN:17,(anonymous_10)
FN:49,(anonymous_13)
FN:53,(anonymous_14)
FN:60,(anonymous_15)
FN:67,(anonymous_16)
FN:74,(anonymous_17)
FNF:6
FNH:3
FNDA:179,(anonymous_10)
FNDA:0,(anonymous_13)
FNDA:0,(anonymous_14)
FNDA:10,(anonymous_15)
FNDA:0,(anonymous_16)
FNDA:12,(anonymous_17)
DA:1,1
DA:2,1
DA:4,1
DA:5,1
DA:7,1
DA:9,1
DA:12,1
DA:21,7
DA:28,7
DA:30,172
DA:42,0
DA:46,0
DA:50,0
DA:55,0
DA:57,0
DA:62,0
DA:64,10
DA:69,0
DA:71,0
DA:76,0
DA:78,12
LF:21
LH:12
BRDA:19,0,0,7
BRDA:19,0,1,7
BRDA:19,0,2,172
BRF:3
BRH:3
end_of_record
TN:
SF:/Users/bloodymary/Desktop/api/src/services/storage/storage-factory.ts
FNF:0
FNH:0
LF:0
LH:0
BRF:0
BRH:0
end_of_record
TN:
SF:/Users/bloodymary/Desktop/api/src/services/storage/storage_service.ts
FNF:0
FNH:0
LF:0
LH:0
BRF:0
BRH:0
end_of_record
TN:
SF:/Users/bloodymary/Desktop/api/src/services/storage/engines/gcs-storage.engine.ts
FN:13,(anonymous_1)
FN:19,(anonymous_2)
FN:25,(anonymous_3)
FN:34,(anonymous_4)
FN:35,(anonymous_5)
FN:44,(anonymous_6)
FN:51,(anonymous_7)
FN:52,(anonymous_8)
FNF:8
FNH:1
FNDA:2,(anonymous_1)
FNDA:0,(anonymous_2)
FNDA:0,(anonymous_3)
FNDA:0,(anonymous_4)
FNDA:0,(anonymous_5)
FNDA:0,(anonymous_6)
FNDA:0,(anonymous_7)
FNDA:0,(anonymous_8)
DA:2,1
DA:7,1
DA:14,2
DA:18,2
DA:19,2
DA:20,2
DA:31,0
DA:32,0
DA:33,0
DA:34,0
DA:35,0
DA:40,0
DA:49,0
DA:50,0
DA:51,0
DA:52,0
LF:16
LH:6
BRDA:19,0,0,2
BRDA:19,0,1,2
BRDA:20,1,0,2
BRF:3
BRH:3
end_of_record
TN:
SF:/Users/bloodymary/Desktop/api/src/services/storage/svc/google-storage.service.ts
FN:25,(anonymous_3)
FN:14,(anonymous_4)
FN:30,(anonymous_5)
FN:36,(anonymous_6)
FN:41,(anonymous_7)
FN:41,(anonymous_8)
FN:46,(anonymous_9)
FN:51,(anonymous_10)
FN:56,(anonymous_11)
FN:61,(anonymous_12)
FN:68,(anonymous_13)
FN:81,(anonymous_14)
FNF:12
FNH:12
FNDA:5,(anonymous_3)
FNDA:2,(anonymous_4)
FNDA:2,(anonymous_5)
FNDA:2,(anonymous_6)
FNDA:7,(anonymous_7)
FNDA:1,(anonymous_8)
FNDA:6,(anonymous_9)
FNDA:1,(anonymous_10)
FNDA:1,(anonymous_11)
FNDA:1,(anonymous_12)
FNDA:4,(anonymous_13)
FNDA:2,(anonymous_14)
DA:2,1
DA:3,1
DA:4,1
DA:5,1
DA:9,1
DA:12,1
DA:15,2
DA:26,5
DA:27,5
DA:31,2
DA:32,2
DA:33,2
DA:37,2
DA:38,2
DA:41,1
DA:42,7
DA:43,7
DA:47,6
DA:48,6
DA:52,1
DA:53,1
DA:57,1
DA:58,1
DA:62,1
DA:74,4
DA:75,3
DA:77,1
DA:90,2
DA:92,1
DA:97,1
LF:30
LH:30
BRDA:41,0,0,5
BRDA:46,1,0,5
BRDA:94,2,0,1
BRDA:94,2,1,0
BRF:4
BRH:3
end_of_record
